<?xml version="1.0" encoding="UTF-8"?>
<testsuite xmlns:xsi="http://www.w3.org/2001/XMLSchema-instance" xsi:noNamespaceSchemaLocation="https://maven.apache.org/surefire/maven-surefire-plugin/xsd/surefire-test-report.xsd" name="models.BookCatalogTest" time="0.004" tests="5" errors="0" skipped="0" failures="0">
  <properties>
[...]
</properties>
  <testcase name="models.BookCatalogTest.testFindBookIgnoringCase" classname="models.BookCatalogTest" time="0"/>
  <testcase name="models.BookCatalogTest.testFindBookThatDoesntExist" classname="models.BookCatalogTest" time="0"/>
  <testcase name="models.BookCatalogTest.testFindBookWithExtraSpaces" classname="models.BookCatalogTest" time="0"/>
  <testcase name="models.BookCatalogTest.testFindBook" classname="models.BookCatalogTest" time="0"/>
  <testcase name="models.BookCatalogTest.testAddABook" classname="models.BookCatalogTest" time="0"/>
</testsuite>